<?xml version="1.0" encoding="UTF-8"?>
<!-- Generated by org.testng.reporters.JUnitXMLReporter -->
<testsuite hostname="DESKTOP-68BCR7S" ignored="0" name="users" tests="4" failures="0" timestamp="2023-07-22T10:04:52 IST" time="0.077" errors="0">
  <testcase name="testcase1" time="0.008" classname="com.sgtesting.tests.users.Users"/>
  <testcase name="testcase2" time="0.004" classname="com.sgtesting.tests.users.Users"/>
  <testcase name="testcase3" time="0.002" classname="com.sgtesting.tests.users.Users"/>
  <testcase name="testcase4" time="0.003" classname="com.sgtesting.tests.users.Users"/>
</testsuite> <!-- users -->
