<?xml version="1.0" encoding="UTF-8"?>
<testng-results skipped="0" failed="0" ignored="0" total="4" passed="4">
  <reporter-output>
  </reporter-output>
  <suite name="Users Testcases" duration-ms="77" started-at="2023-07-22T10:04:52 IST" finished-at="2023-07-22T10:04:52 IST">
    <groups>
    </groups>
    <test name="users" duration-ms="77" started-at="2023-07-22T10:04:52 IST" finished-at="2023-07-22T10:04:52 IST">
      <class name="com.sgtesting.tests.users.Users">
        <test-method status="PASS" signature="testcase1()[pri:0, instance:com.sgtesting.tests.users.Users@131276c2]" name="testcase1" duration-ms="8" started-at="2023-07-22T10:04:52 IST" finished-at="2023-07-22T10:04:52 IST">
          <reporter-output>
          </reporter-output>
        </test-method> <!-- testcase1 -->
        <test-method status="PASS" signature="testcase2()[pri:0, instance:com.sgtesting.tests.users.Users@131276c2]" name="testcase2" duration-ms="4" started-at="2023-07-22T10:04:52 IST" finished-at="2023-07-22T10:04:52 IST">
          <reporter-output>
          </reporter-output>
        </test-method> <!-- testcase2 -->
        <test-method status="PASS" signature="testcase3()[pri:0, instance:com.sgtesting.tests.users.Users@131276c2]" name="testcase3" duration-ms="2" started-at="2023-07-22T10:04:52 IST" finished-at="2023-07-22T10:04:52 IST">
          <reporter-output>
          </reporter-output>
        </test-method> <!-- testcase3 -->
        <test-method status="PASS" signature="testcase4()[pri:0, instance:com.sgtesting.tests.users.Users@131276c2]" name="testcase4" duration-ms="3" started-at="2023-07-22T10:04:52 IST" finished-at="2023-07-22T10:04:52 IST">
          <reporter-output>
          </reporter-output>
        </test-method> <!-- testcase4 -->
      </class> <!-- com.sgtesting.tests.users.Users -->
    </test> <!-- users -->
  </suite> <!-- Users Testcases -->
</testng-results>
