<?xml version="1.0" encoding="UTF-8"?>
<!-- Generated by org.testng.reporters.JUnitXMLReporter -->
<testsuite hostname="DESKTOP-68BCR7S" ignored="0" name="Default test" tests="3" failures="0" timestamp="2023-08-10T08:18:08 IST" time="2.138" errors="0">
  <testcase name="createUser" time="1.87" classname="com.sgtesting.tests.users.Users"/>
  <testcase name="displayUser" time="0.116" classname="com.sgtesting.tests.users.Users"/>
  <testcase name="deleteUser" time="0.108" classname="com.sgtesting.tests.users.Users"/>
</testsuite> <!-- Default test -->
